<?xml version="1.0" encoding="UTF-8"?>
<!-- Generated by org.testng.reporters.JUnitReportReporter -->
<testsuite skipped="0" hostname="LIN86000240" name="Academy.E2EProject.Assertions" tests="2" failures="0" timestamp="2021-01-03T15:02:44 IST" time="1.315" errors="0">
  <testcase name="BrowserNavigation" time="0.868" classname="Academy.E2EProject.Assertions"/>
  <system-out/>
  <testcase name="validateHeader" time="0.447" classname="Academy.E2EProject.Assertions"/>
  <system-out/>
</testsuite> <!-- Academy.E2EProject.Assertions -->
