<?xml version="1.0" encoding="UTF-8"?>
<!-- Generated by org.testng.reporters.JUnitReportReporter -->
<testsuite skipped="0" hostname="LIN86000240" name="Academy.E2EProject.HomePage" tests="2" failures="0" timestamp="2020-12-30T20:36:05 IST" time="9.052" errors="0">
  <testcase name="BrowserNavigation" time="5.048" classname="Academy.E2EProject.HomePage"/>
  <system-out/>
  <testcase name="BrowserNavigation" time="4.004" classname="Academy.E2EProject.HomePage"/>
  <system-out/>
</testsuite> <!-- Academy.E2EProject.HomePage -->
