<?xml version="1.0" encoding="UTF-8"?>
<!-- Generated by org.testng.reporters.JUnitReportReporter -->
<testsuite skipped="0" hostname="LIN86000240" name="Academy.E2EProject.HomePage" tests="2" failures="0" timestamp="2021-01-03T15:02:44 IST" time="16.449" errors="0">
  <testcase name="BrowserNavigation" time="8.505" classname="Academy.E2EProject.HomePage"/>
  <system-out/>
  <testcase name="BrowserNavigation" time="7.944" classname="Academy.E2EProject.HomePage"/>
  <system-out/>
</testsuite> <!-- Academy.E2EProject.HomePage -->
